<?xml version="1.0" encoding="UTF-8"?>
<!-- Generated by org.testng.reporters.JUnitReportReporter -->
<testsuite hostname="DESKTOP-9A3Q0T0" failures="0" tests="1" name="LoginTest" time="2.301" errors="0" timestamp="2024-09-06T11:54:36 MSK" skipped="0">
  <testcase classname="LoginTest" name="firstTest" time="2.301"/>
</testsuite> <!-- LoginTest -->
